<?xml version="1.0" encoding="UTF-8"?>
<!-- Generated by org.testng.reporters.JUnitReportReporter -->
<testsuite hostname="Poornimaa-Shri" failures="0" tests="8" name="tests.CartTest" time="29.193" errors="0" timestamp="2026-05-06T00:06:03 IST" skipped="0">
  <testcase classname="tests.CartTest" name="addToCartTest" time="3.323"/>
  <testcase classname="tests.CartTest" name="removeFromCartTest" time="3.457"/>
  <testcase classname="tests.CartTest" name="increaseQuantityTest" time="3.851"/>
  <testcase classname="tests.CartTest" name="decreaseQuantityTest" time="4.210"/>
  <testcase classname="tests.CartTest" name="deleteItemTest" time="4.164"/>
  <testcase classname="tests.CartTest" name="totalCalculationTest" time="3.075"/>
  <testcase classname="tests.CartTest" name="cartBadgeUpdateTest" time="2.862"/>
  <testcase classname="tests.CartTest" name="cartPersistTest" time="4.251"/>
</testsuite> <!-- tests.CartTest -->
