<?xml version="1.0" encoding="UTF-8"?>
<!-- Generated by org.testng.reporters.JUnitReportReporter -->
<testsuite hostname="Poornimaa-Shri" failures="0" tests="6" name="tests.CategoryTest" time="16.465" errors="0" timestamp="2026-05-05T22:57:00 IST" skipped="0">
  <testcase classname="tests.CategoryTest" name="categoryNavigationTest" time="2.553"/>
  <testcase classname="tests.CategoryTest" name="categoryHeadingTest" time="2.624"/>
  <testcase classname="tests.CategoryTest" name="subCategoryVisibleTest" time="2.651"/>
  <testcase classname="tests.CategoryTest" name="subCategoryFilterTest" time="2.766"/>
  <testcase classname="tests.CategoryTest" name="categoryProductsLoadTest" time="3.020"/>
  <testcase classname="tests.CategoryTest" name="defaultSubCategoryTest" time="2.851"/>
</testsuite> <!-- tests.CategoryTest -->
