<?xml version="1.0" encoding="UTF-8"?>
<!-- Generated by org.testng.reporters.JUnitReportReporter -->
<testsuite hostname="Poornimaa-Shri" failures="0" tests="3" name="tests.CheckoutTest" time="11.149" errors="0" timestamp="2026-05-06T00:12:45 IST" skipped="0">
  <testcase classname="tests.CheckoutTest" name="navigateToCheckoutTest" time="3.132"/>
  <testcase classname="tests.CheckoutTest" name="orderSummaryTest" time="4.173"/>
  <testcase classname="tests.CheckoutTest" name="placeOrderTest" time="3.844"/>
</testsuite> <!-- tests.CheckoutTest -->
