<?xml version="1.0" encoding="UTF-8"?>
<!-- Generated by org.testng.reporters.JUnitReportReporter -->
<testsuite hostname="Poornimaa-Shri" failures="0" tests="4" name="tests.FilterTest" time="13.512" errors="0" timestamp="2026-05-05T23:04:20 IST" skipped="0">
  <testcase classname="tests.FilterTest" name="filterOpenTest" time="2.754"/>
  <testcase classname="tests.FilterTest" name="sortHighToLowTest" time="4.356"/>
  <testcase classname="tests.FilterTest" name="sortLowToHighTest" time="3.345"/>
  <testcase classname="tests.FilterTest" name="filterCloseOnOutsideClickTest" time="3.057"/>
</testsuite> <!-- tests.FilterTest -->
