<?xml version="1.0" encoding="UTF-8"?>
<!-- Generated by org.testng.reporters.JUnitReportReporter -->
<testsuite hostname="Poornimaa-Shri" failures="0" tests="5" name="tests.SearchTest" time="27.256" errors="0" timestamp="2026-05-05T21:35:13 IST" skipped="0">
  <testcase classname="tests.SearchTest" name="emptySearchTest" time="2.123"/>
  <testcase classname="tests.SearchTest" name="enterKeySearchTest" time="4.109"/>
  <testcase classname="tests.SearchTest" name="partialSearchTest" time="4.252"/>
  <testcase classname="tests.SearchTest" name="invalidSearchTest" time="12.861"/>
  <testcase classname="tests.SearchTest" name="validSearchTest" time="3.911"/>
</testsuite> <!-- tests.SearchTest -->
