<?xml version="1.0" encoding="UTF-8"?>
<!-- Generated by org.testng.reporters.JUnitReportReporter -->
<testsuite hostname="Poornimaa-Shri" failures="0" tests="7" name="tests.ProductsTest" time="22.327" errors="0" timestamp="2026-05-05T21:18:58 IST" skipped="0">
  <testcase classname="tests.ProductsTest" name="cartCountUpdateTest" time="6.212"/>
  <testcase classname="tests.ProductsTest" name="cartNavigationTest" time="2.502"/>
  <testcase classname="tests.ProductsTest" name="wishlistNavigationTest" time="2.485"/>
  <testcase classname="tests.ProductsTest" name="productImagesTest" time="2.689"/>
  <testcase classname="tests.ProductsTest" name="productNamePriceTest" time="2.796"/>
  <testcase classname="tests.ProductsTest" name="wishlistToggleTest" time="2.976"/>
  <testcase classname="tests.ProductsTest" name="productsLoadTest" time="2.667"/>
</testsuite> <!-- tests.ProductsTest -->
