<?xml version="1.0" encoding="UTF-8"?>
<!-- Generated by org.testng.reporters.JUnitReportReporter -->
<testsuite hostname="Poornimaa-Shri" failures="0" tests="5" name="tests.WishlistTest" time="17.098" errors="0" timestamp="2026-05-05T23:53:04 IST" skipped="0">
  <testcase classname="tests.WishlistTest" name="addToWishlistTest" time="2.888"/>
  <testcase classname="tests.WishlistTest" name="wishlistPersistTest" time="3.901"/>
  <testcase classname="tests.WishlistTest" name="wishlistPageLoadTest" time="3.123"/>
  <testcase classname="tests.WishlistTest" name="removeFromWishlistTest" time="3.861"/>
  <testcase classname="tests.WishlistTest" name="wishlistAddToCartTest" time="3.325"/>
</testsuite> <!-- tests.WishlistTest -->
