<?xml version="1.0" encoding="UTF-8"?>
<!-- Generated by org.testng.reporters.JUnitReportReporter -->
<testsuite hostname="Poornimaa-Shri" failures="0" tests="5" name="tests.SignupTest" time="12.414" errors="0" timestamp="2026-05-05T13:44:01 IST" skipped="0">
  <testcase classname="tests.SignupTest" name="duplicateEntry" time="2.074"/>
  <testcase classname="tests.SignupTest" name="emptyfields" time="2.625"/>
  <testcase classname="tests.SignupTest" name="validSignupTest" time="2.402"/>
  <testcase classname="tests.SignupTest" name="onlypassword" time="3.047"/>
  <testcase classname="tests.SignupTest" name="onlyusername" time="2.266"/>
</testsuite> <!-- tests.SignupTest -->
