<?xml version="1.0" encoding="UTF-8"?>
<!-- Generated by org.testng.reporters.JUnitReportReporter -->
<testsuite hostname="Poornimaa-Shri" failures="0" tests="4" name="tests.OrdersTest" time="16.144" errors="0" timestamp="2026-05-06T00:17:27 IST" skipped="0">
  <testcase classname="tests.OrdersTest" name="ordersPageLoadTest" time="3.526"/>
  <testcase classname="tests.OrdersTest" name="displayOrdersTest" time="4.555"/>
  <testcase classname="tests.OrdersTest" name="orderDetailsTest" time="3.619"/>
  <testcase classname="tests.OrdersTest" name="ordersPersistTest" time="4.444"/>
</testsuite> <!-- tests.OrdersTest -->
